# JRE version: OpenJDK Runtime Environment (8.0_152-b01) (build 1.8.0_152-release-1248-b01)
# Java VM: OpenJDK 64-Bit Server VM (25.152-b01 mixed mode windows-amd64 compressed oops)
Heap:
 PSYoungGen      total 44032K, used 19010K [0x00000000e0000000, 0x00000000e4580000, 0x0000000100000000)
  eden space 32768K, 46% used [0x00000000e0000000,0x00000000e0eb85d0,0x00000000e2000000)
  from space 11264K, 34% used [0x00000000e2b00000,0x00000000e2ed8288,0x00000000e3600000)
  to   space 11264K, 0% used [0x00000000e2000000,0x00000000e2000000,0x00000000e2b00000)
 ParOldGen       total 65536K, used 9554K [0x00000000a0000000, 0x00000000a4000000, 0x00000000e0000000)
  object space 65536K, 14% used [0x00000000a0000000,0x00000000a09548c8,0x00000000a4000000)
 Metaspace       used 26297K, capacity 26802K, committed 27136K, reserved 1073152K
  class space    used 3573K, capacity 3738K, committed 3840K, reserved 1048576K
GC Heap History (10 events):
Event: 4.849 GC heap before
{Heap before GC invocations=3 (full 0):
 PSYoungGen      total 38400K, used 38369K [0x00000000e0000000, 0x00000000e2a80000, 0x0000000100000000)
  eden space 33280K, 100% used [0x00000000e0000000,0x00000000e2080000,0x00000000e2080000)
  from space 5120K, 99% used [0x00000000e2580000,0x00000000e2a785b8,0x00000000e2a80000)
  to   space 5120K, 0% used [0x00000000e2080000,0x00000000e2080000,0x00000000e2580000)
 ParOldGen       total 87552K, used 86K [0x00000000a0000000, 0x00000000a5580000, 0x00000000e0000000)
  object space 87552K, 0% used [0x00000000a0000000,0x00000000a0015810,0x00000000a5580000)
 Metaspace       used 13642K, capacity 14054K, committed 14208K, reserved 1060864K
  class space    used 1918K, capacity 2065K, committed 2176K, reserved 1048576K
Event: 4.858 GC heap after
Heap after GC invocations=3 (full 0):
 PSYoungGen      total 38400K, used 5104K [0x00000000e0000000, 0x00000000e2a80000, 0x0000000100000000)
  eden space 33280K, 0% used [0x00000000e0000000,0x00000000e0000000,0x00000000e2080000)
  from space 5120K, 99% used [0x00000000e2080000,0x00000000e257c050,0x00000000e2580000)
  to   space 5120K, 0% used [0x00000000e2580000,0x00000000e2580000,0x00000000e2a80000)
 ParOldGen       total 87552K, used 2126K [0x00000000a0000000, 0x00000000a5580000, 0x00000000e0000000)
  object space 87552K, 2% used [0x00000000a0000000,0x00000000a0213ad0,0x00000000a5580000)
 Metaspace       used 13642K, capacity 14054K, committed 14208K, reserved 1060864K
  class space    used 1918K, capacity 2065K, committed 2176K, reserved 1048576K
}
Event: 5.692 GC heap before
{Heap before GC invocations=4 (full 0):
 PSYoungGen      total 38400K, used 38384K [0x00000000e0000000, 0x00000000e2a80000, 0x0000000100000000)
  eden space 33280K, 100% used [0x00000000e0000000,0x00000000e2080000,0x00000000e2080000)
  from space 5120K, 99% used [0x00000000e2080000,0x00000000e257c050,0x00000000e2580000)
  to   space 5120K, 0% used [0x00000000e2580000,0x00000000e2580000,0x00000000e2a80000)
 ParOldGen       total 87552K, used 2126K [0x00000000a0000000, 0x00000000a5580000, 0x00000000e0000000)
  object space 87552K, 2% used [0x00000000a0000000,0x00000000a0213ad0,0x00000000a5580000)
 Metaspace       used 16763K, capacity 17174K, committed 17408K, reserved 1064960K
  class space    used 2413K, capacity 2555K, committed 2560K, reserved 1048576K
Event: 5.711 GC heap after
Heap after GC invocations=4 (full 0):
 PSYoungGen      total 38400K, used 5104K [0x00000000e0000000, 0x00000000e2a80000, 0x0000000100000000)
  eden space 33280K, 0% used [0x00000000e0000000,0x00000000e0000000,0x00000000e2080000)
  from space 5120K, 99% used [0x00000000e2580000,0x00000000e2a7c050,0x00000000e2a80000)
  to   space 5120K, 0% used [0x00000000e2080000,0x00000000e2080000,0x00000000e2580000)
 ParOldGen       total 87552K, used 5425K [0x00000000a0000000, 0x00000000a5580000, 0x00000000e0000000)
  object space 87552K, 6% used [0x00000000a0000000,0x00000000a054c6f0,0x00000000a5580000)
 Metaspace       used 16763K, capacity 17174K, committed 17408K, reserved 1064960K
  class space    used 2413K, capacity 2555K, committed 2560K, reserved 1048576K
}
Event: 6.861 GC heap before
{Heap before GC invocations=5 (full 0):
 PSYoungGen      total 38400K, used 36010K [0x00000000e0000000, 0x00000000e2a80000, 0x0000000100000000)
  eden space 33280K, 92% used [0x00000000e0000000,0x00000000e1e2ea60,0x00000000e2080000)
  from space 5120K, 99% used [0x00000000e2580000,0x00000000e2a7c050,0x00000000e2a80000)
  to   space 5120K, 0% used [0x00000000e2080000,0x00000000e2080000,0x00000000e2580000)
 ParOldGen       total 87552K, used 5425K [0x00000000a0000000, 0x00000000a5580000, 0x00000000e0000000)
  object space 87552K, 6% used [0x00000000a0000000,0x00000000a054c6f0,0x00000000a5580000)
 Metaspace       used 20764K, capacity 21218K, committed 21248K, reserved 1067008K
  class space    used 2897K, capacity 3057K, committed 3072K, reserved 1048576K
Event: 6.871 GC heap after
Heap after GC invocations=5 (full 0):
 PSYoungGen      total 37888K, used 5088K [0x00000000e0000000, 0x00000000e3600000, 0x0000000100000000)
  eden space 32768K, 0% used [0x00000000e0000000,0x00000000e0000000,0x00000000e2000000)
  from space 5120K, 99% used [0x00000000e2080000,0x00000000e2578050,0x00000000e2580000)
  to   space 11264K, 0% used [0x00000000e2b00000,0x00000000e2b00000,0x00000000e3600000)
 ParOldGen       total 87552K, used 9626K [0x00000000a0000000, 0x00000000a5580000, 0x00000000e0000000)
  object space 87552K, 10% used [0x00000000a0000000,0x00000000a0966bd0,0x00000000a5580000)
 Metaspace       used 20764K, capacity 21218K, committed 21248K, reserved 1067008K
  class space    used 2897K, capacity 3057K, committed 3072K, reserved 1048576K
}
Event: 6.871 GC heap before
{Heap before GC invocations=6 (full 1):
 PSYoungGen      total 37888K, used 5088K [0x00000000e0000000, 0x00000000e3600000, 0x0000000100000000)
  eden space 32768K, 0% used [0x00000000e0000000,0x00000000e0000000,0x00000000e2000000)
  from space 5120K, 99% used [0x00000000e2080000,0x00000000e2578050,0x00000000e2580000)
  to   space 11264K, 0% used [0x00000000e2b00000,0x00000000e2b00000,0x00000000e3600000)
 ParOldGen       total 87552K, used 9626K [0x00000000a0000000, 0x00000000a5580000, 0x00000000e0000000)
  object space 87552K, 10% used [0x00000000a0000000,0x00000000a0966bd0,0x00000000a5580000)
 Metaspace       used 20764K, capacity 21218K, committed 21248K, reserved 1067008K
  class space    used 2897K, capacity 3057K, committed 3072K, reserved 1048576K
Event: 6.939 GC heap after
Heap after GC invocations=6 (full 1):
 PSYoungGen      total 37888K, used 0K [0x00000000e0000000, 0x00000000e3600000, 0x0000000100000000)
  eden space 32768K, 0% used [0x00000000e0000000,0x00000000e0000000,0x00000000e2000000)
  from space 5120K, 0% used [0x00000000e2080000,0x00000000e2080000,0x00000000e2580000)
  to   space 11264K, 0% used [0x00000000e2b00000,0x00000000e2b00000,0x00000000e3600000)
 ParOldGen       total 65536K, used 9546K [0x00000000a0000000, 0x00000000a4000000, 0x00000000e0000000)
  object space 65536K, 14% used [0x00000000a0000000,0x00000000a09528c8,0x00000000a4000000)
 Metaspace       used 20764K, capacity 21218K, committed 21248K, reserved 1067008K
  class space    used 2897K, capacity 3057K, committed 3072K, reserved 1048576K
}
Event: 7.652 GC heap before
{Heap before GC invocations=7 (full 1):
 PSYoungGen      total 37888K, used 32768K [0x00000000e0000000, 0x00000000e3600000, 0x0000000100000000)
  eden space 32768K, 100% used [0x00000000e0000000,0x00000000e2000000,0x00000000e2000000)
  from space 5120K, 0% used [0x00000000e2080000,0x00000000e2080000,0x00000000e2580000)
  to   space 11264K, 0% used [0x00000000e2b00000,0x00000000e2b00000,0x00000000e3600000)
 ParOldGen       total 65536K, used 9546K [0x00000000a0000000, 0x00000000a4000000, 0x00000000e0000000)
  object space 65536K, 14% used [0x00000000a0000000,0x00000000a09528c8,0x00000000a4000000)
 Metaspace       used 24707K, capacity 25228K, committed 25344K, reserved 1071104K
  class space    used 3396K, capacity 3577K, committed 3584K, reserved 1048576K
Event: 7.658 GC heap after
Heap after GC invocations=7 (full 1):
 PSYoungGen      total 44032K, used 3936K [0x00000000e0000000, 0x00000000e4580000, 0x0000000100000000)
  eden space 32768K, 0% used [0x00000000e0000000,0x00000000e0000000,0x00000000e2000000)
  from space 11264K, 34% used [0x00000000e2b00000,0x00000000e2ed8288,0x00000000e3600000)
  to   space 11264K, 0% used [0x00000000e2000000,0x00000000e2000000,0x00000000e2b00000)
 ParOldGen       total 65536K, used 9554K [0x00000000a0000000, 0x00000000a4000000, 0x00000000e0000000)
  object space 65536K, 14% used [0x00000000a0000000,0x00000000a09548c8,0x00000000a4000000)
 Metaspace       used 24707K, capacity 25228K, committed 25344K, reserved 1071104K
  class space    used 3396K, capacity 3577K, committed 3584K, reserved 1048576K
}

