# JRE version: OpenJDK Runtime Environment (8.0_152-b01) (build 1.8.0_152-release-1248-b01)
# Java VM: OpenJDK 64-Bit Server VM (25.152-b01 mixed mode windows-amd64 compressed oops)
Heap:
 PSYoungGen      total 225792K, used 68959K [0x00000000e0000000, 0x00000000f1f00000, 0x0000000100000000)
  eden space 167424K, 21% used [0x00000000e0000000,0x00000000e22600d8,0x00000000ea380000)
  from space 58368K, 57% used [0x00000000ea380000,0x00000000ec477bf0,0x00000000edc80000)
  to   space 57856K, 0% used [0x00000000ee680000,0x00000000ee680000,0x00000000f1f00000)
 ParOldGen       total 258048K, used 73317K [0x00000000a0000000, 0x00000000afc00000, 0x00000000e0000000)
  object space 258048K, 28% used [0x00000000a0000000,0x00000000a4799790,0x00000000afc00000)
 Metaspace       used 105485K, capacity 110074K, committed 110248K, reserved 1146880K
  class space    used 13308K, capacity 14454K, committed 14504K, reserved 1048576K
GC Heap History (10 events):
Event: 788.058 GC heap before
{Heap before GC invocations=31 (full 4):
 PSYoungGen      total 215040K, used 50957K [0x00000000e0000000, 0x00000000f1480000, 0x0000000100000000)
  eden space 158208K, 0% used [0x00000000e0000000,0x00000000e0000000,0x00000000e9a80000)
  from space 56832K, 89% used [0x00000000e9e80000,0x00000000ed043668,0x00000000ed600000)
  to   space 62464K, 0% used [0x00000000ed780000,0x00000000ed780000,0x00000000f1480000)
 ParOldGen       total 165376K, used 41594K [0x00000000a0000000, 0x00000000aa180000, 0x00000000e0000000)
  object space 165376K, 25% used [0x00000000a0000000,0x00000000a289eac0,0x00000000aa180000)
 Metaspace       used 94529K, capacity 98418K, committed 98600K, reserved 1134592K
  class space    used 12045K, capacity 12998K, committed 13096K, reserved 1048576K
Event: 788.352 GC heap after
Heap after GC invocations=31 (full 4):
 PSYoungGen      total 215040K, used 0K [0x00000000e0000000, 0x00000000f1480000, 0x0000000100000000)
  eden space 158208K, 0% used [0x00000000e0000000,0x00000000e0000000,0x00000000e9a80000)
  from space 56832K, 0% used [0x00000000e9e80000,0x00000000e9e80000,0x00000000ed600000)
  to   space 62464K, 0% used [0x00000000ed780000,0x00000000ed780000,0x00000000f1480000)
 ParOldGen       total 258048K, used 73285K [0x00000000a0000000, 0x00000000afc00000, 0x00000000e0000000)
  object space 258048K, 28% used [0x00000000a0000000,0x00000000a4791790,0x00000000afc00000)
 Metaspace       used 93810K, capacity 97466K, committed 98600K, reserved 1134592K
  class space    used 11951K, capacity 12890K, committed 13096K, reserved 1048576K
}
Event: 790.148 GC heap before
{Heap before GC invocations=32 (full 4):
 PSYoungGen      total 215040K, used 158208K [0x00000000e0000000, 0x00000000f1480000, 0x0000000100000000)
  eden space 158208K, 100% used [0x00000000e0000000,0x00000000e9a80000,0x00000000e9a80000)
  from space 56832K, 0% used [0x00000000e9e80000,0x00000000e9e80000,0x00000000ed600000)
  to   space 62464K, 0% used [0x00000000ed780000,0x00000000ed780000,0x00000000f1480000)
 ParOldGen       total 258048K, used 73285K [0x00000000a0000000, 0x00000000afc00000, 0x00000000e0000000)
  object space 258048K, 28% used [0x00000000a0000000,0x00000000a4791790,0x00000000afc00000)
 Metaspace       used 94412K, capacity 98192K, committed 98600K, reserved 1134592K
  class space    used 12000K, capacity 12941K, committed 13096K, reserved 1048576K
Event: 790.154 GC heap after
Heap after GC invocations=32 (full 4):
 PSYoungGen      total 220160K, used 8837K [0x00000000e0000000, 0x00000000f1f80000, 0x0000000100000000)
  eden space 157696K, 0% used [0x00000000e0000000,0x00000000e0000000,0x00000000e9a00000)
  from space 62464K, 14% used [0x00000000ed780000,0x00000000ee021580,0x00000000f1480000)
  to   space 62976K, 0% used [0x00000000e9a00000,0x00000000e9a00000,0x00000000ed780000)
 ParOldGen       total 258048K, used 73293K [0x00000000a0000000, 0x00000000afc00000, 0x00000000e0000000)
  object space 258048K, 28% used [0x00000000a0000000,0x00000000a4793790,0x00000000afc00000)
 Metaspace       used 94412K, capacity 98192K, committed 98600K, reserved 1134592K
  class space    used 12000K, capacity 12941K, committed 13096K, reserved 1048576K
}
Event: 793.109 GC heap before
{Heap before GC invocations=33 (full 4):
 PSYoungGen      total 220160K, used 166533K [0x00000000e0000000, 0x00000000f1f80000, 0x0000000100000000)
  eden space 157696K, 100% used [0x00000000e0000000,0x00000000e9a00000,0x00000000e9a00000)
  from space 62464K, 14% used [0x00000000ed780000,0x00000000ee021580,0x00000000f1480000)
  to   space 62976K, 0% used [0x00000000e9a00000,0x00000000e9a00000,0x00000000ed780000)
 ParOldGen       total 258048K, used 73293K [0x00000000a0000000, 0x00000000afc00000, 0x00000000e0000000)
  object space 258048K, 28% used [0x00000000a0000000,0x00000000a4793790,0x00000000afc00000)
 Metaspace       used 98585K, capacity 102840K, committed 103208K, reserved 1138688K
  class space    used 12656K, capacity 13693K, committed 13864K, reserved 1048576K
Event: 793.145 GC heap after
Heap after GC invocations=33 (full 4):
 PSYoungGen      total 220672K, used 18459K [0x00000000e0000000, 0x00000000f1c00000, 0x0000000100000000)
  eden space 157696K, 0% used [0x00000000e0000000,0x00000000e0000000,0x00000000e9a00000)
  from space 62976K, 29% used [0x00000000e9a00000,0x00000000eac06cd0,0x00000000ed780000)
  to   space 60416K, 0% used [0x00000000ee100000,0x00000000ee100000,0x00000000f1c00000)
 ParOldGen       total 258048K, used 73301K [0x00000000a0000000, 0x00000000afc00000, 0x00000000e0000000)
  object space 258048K, 28% used [0x00000000a0000000,0x00000000a4795790,0x00000000afc00000)
 Metaspace       used 98585K, capacity 102840K, committed 103208K, reserved 1138688K
  class space    used 12656K, capacity 13693K, committed 13864K, reserved 1048576K
}
Event: 1035.355 GC heap before
{Heap before GC invocations=34 (full 4):
 PSYoungGen      total 220672K, used 176155K [0x00000000e0000000, 0x00000000f1c00000, 0x0000000100000000)
  eden space 157696K, 100% used [0x00000000e0000000,0x00000000e9a00000,0x00000000e9a00000)
  from space 62976K, 29% used [0x00000000e9a00000,0x00000000eac06cd0,0x00000000ed780000)
  to   space 60416K, 0% used [0x00000000ee100000,0x00000000ee100000,0x00000000f1c00000)
 ParOldGen       total 258048K, used 73301K [0x00000000a0000000, 0x00000000afc00000, 0x00000000e0000000)
  object space 258048K, 28% used [0x00000000a0000000,0x00000000a4795790,0x00000000afc00000)
 Metaspace       used 102873K, capacity 107400K, committed 107688K, reserved 1142784K
  class space    used 13052K, capacity 14121K, committed 14248K, reserved 1048576K
Event: 1035.381 GC heap after
Heap after GC invocations=34 (full 4):
 PSYoungGen      total 221184K, used 28782K [0x00000000e0000000, 0x00000000f1580000, 0x0000000100000000)
  eden space 167424K, 0% used [0x00000000e0000000,0x00000000e0000000,0x00000000ea380000)
  from space 53760K, 53% used [0x00000000ee100000,0x00000000efd1b988,0x00000000f1580000)
  to   space 58368K, 0% used [0x00000000ea380000,0x00000000ea380000,0x00000000edc80000)
 ParOldGen       total 258048K, used 73309K [0x00000000a0000000, 0x00000000afc00000, 0x00000000e0000000)
  object space 258048K, 28% used [0x00000000a0000000,0x00000000a4797790,0x00000000afc00000)
 Metaspace       used 102873K, capacity 107400K, committed 107688K, reserved 1142784K
  class space    used 13052K, capacity 14121K, committed 14248K, reserved 1048576K
}
Event: 1042.305 GC heap before
{Heap before GC invocations=35 (full 4):
 PSYoungGen      total 221184K, used 196206K [0x00000000e0000000, 0x00000000f1580000, 0x0000000100000000)
  eden space 167424K, 100% used [0x00000000e0000000,0x00000000ea380000,0x00000000ea380000)
  from space 53760K, 53% used [0x00000000ee100000,0x00000000efd1b988,0x00000000f1580000)
  to   space 58368K, 0% used [0x00000000ea380000,0x00000000ea380000,0x00000000edc80000)
 ParOldGen       total 258048K, used 73309K [0x00000000a0000000, 0x00000000afc00000, 0x00000000e0000000)
  object space 258048K, 28% used [0x00000000a0000000,0x00000000a4797790,0x00000000afc00000)
 Metaspace       used 104710K, capacity 109274K, committed 109480K, reserved 1144832K
  class space    used 13239K, capacity 14358K, committed 14504K, reserved 1048576K
Event: 1042.352 GC heap after
Heap after GC invocations=35 (full 4):
 PSYoungGen      total 225792K, used 33758K [0x00000000e0000000, 0x00000000f1f00000, 0x0000000100000000)
  eden space 167424K, 0% used [0x00000000e0000000,0x00000000e0000000,0x00000000ea380000)
  from space 58368K, 57% used [0x00000000ea380000,0x00000000ec477bf0,0x00000000edc80000)
  to   space 57856K, 0% used [0x00000000ee680000,0x00000000ee680000,0x00000000f1f00000)
 ParOldGen       total 258048K, used 73317K [0x00000000a0000000, 0x00000000afc00000, 0x00000000e0000000)
  object space 258048K, 28% used [0x00000000a0000000,0x00000000a4799790,0x00000000afc00000)
 Metaspace       used 104710K, capacity 109274K, committed 109480K, reserved 1144832K
  class space    used 13239K, capacity 14358K, committed 14504K, reserved 1048576K
}

